c:\users\noah1\source\repos\project2\project2\debug\vc141.pdb
c:\users\noah1\source\repos\project2\project2\debug\vc141.idb
c:\users\noah1\source\repos\project2\project2\debug\direction.obj
c:\users\noah1\source\repos\project2\project2\debug\position.obj
c:\users\noah1\source\repos\project2\project2\debug\turtle.obj
c:\users\noah1\source\repos\project2\project2\debug\pen.obj
c:\users\noah1\source\repos\project2\project2\debug\cs132_p1_driver.obj
c:\users\noah1\source\repos\project2\project2\debug\source.obj
c:\users\noah1\source\repos\project2\debug\project2.pdb
c:\users\noah1\source\repos\project2\project2\debug\project2.tlog\cl.command.1.tlog
c:\users\noah1\source\repos\project2\project2\debug\project2.tlog\cl.read.1.tlog
c:\users\noah1\source\repos\project2\project2\debug\project2.tlog\cl.write.1.tlog
c:\users\noah1\source\repos\project2\project2\debug\project2.tlog\link.19432-cvtres.read.1.tlog
c:\users\noah1\source\repos\project2\project2\debug\project2.tlog\link.19432-cvtres.write.1.tlog
c:\users\noah1\source\repos\project2\project2\debug\project2.tlog\link.19432-rc.read.1.tlog
c:\users\noah1\source\repos\project2\project2\debug\project2.tlog\link.19432-rc.write.1.tlog
c:\users\noah1\source\repos\project2\project2\debug\project2.tlog\link.19432.read.1.tlog
c:\users\noah1\source\repos\project2\project2\debug\project2.tlog\link.19432.write.1.tlog
c:\users\noah1\source\repos\project2\project2\debug\project2.tlog\link.command.1.tlog
c:\users\noah1\source\repos\project2\project2\debug\project2.tlog\link.read.1.tlog
c:\users\noah1\source\repos\project2\project2\debug\project2.tlog\link.write.1.tlog
